<?xml version="1.0" encoding="UTF-8"?>
<!-- Generated by org.testng.reporters.JUnitXMLReporter -->
<testsuite ignored="0" hostname="TLP36" failures="0" tests="3" name="Default test" time="4.624" errors="0" timestamp="2026-02-13T22:30:58 IST">
  <testcase classname="TestFramework1.FB_001" name="A_enterUsername" time="0.19"/>
  <testcase classname="TestFramework1.FB_001" name="B_enterPassword" time="0.177"/>
  <testcase classname="TestFramework1.FB_001" name="Login" time="0.225"/>
</testsuite> <!-- Default test -->
