<?xml version="1.0" encoding="UTF-8"?>
<testng-results ignored="0" total="3" passed="3" failed="0" skipped="0">
  <reporter-output>
  </reporter-output>
  <suite started-at="2026-02-13T22:30:53 IST" name="Default suite" finished-at="2026-02-13T22:30:58 IST" duration-ms="4624">
    <groups>
    </groups>
    <test started-at="2026-02-13T22:30:53 IST" name="Default test" finished-at="2026-02-13T22:30:58 IST" duration-ms="4624">
      <class name="TestFramework1.FB_001">
        <test-method is-config="true" signature="preRequisite()[pri:0, instance:TestFramework1.FB_001@6fdbe764]" started-at="2026-02-13T22:30:53 IST" name="preRequisite" finished-at="2026-02-13T22:30:57 IST" duration-ms="3942" status="PASS">
          <reporter-output>
          </reporter-output>
        </test-method> <!-- preRequisite -->
        <test-method signature="A_enterUsername()[pri:0, instance:TestFramework1.FB_001@6fdbe764]" started-at="2026-02-13T22:30:57 IST" name="A_enterUsername" finished-at="2026-02-13T22:30:57 IST" duration-ms="190" status="PASS">
          <reporter-output>
          </reporter-output>
        </test-method> <!-- A_enterUsername -->
        <test-method signature="B_enterPassword()[pri:0, instance:TestFramework1.FB_001@6fdbe764]" started-at="2026-02-13T22:30:57 IST" name="B_enterPassword" finished-at="2026-02-13T22:30:57 IST" duration-ms="177" status="PASS">
          <reporter-output>
          </reporter-output>
        </test-method> <!-- B_enterPassword -->
        <test-method signature="Login()[pri:0, instance:TestFramework1.FB_001@6fdbe764]" started-at="2026-02-13T22:30:57 IST" name="Login" finished-at="2026-02-13T22:30:58 IST" duration-ms="225" status="PASS">
          <reporter-output>
          </reporter-output>
        </test-method> <!-- Login -->
      </class> <!-- TestFramework1.FB_001 -->
    </test> <!-- Default test -->
  </suite> <!-- Default suite -->
</testng-results>
